<?xml version="1.0" encoding="UTF-8"?>
<!-- Generated by org.testng.reporters.JUnitReportReporter -->
<testsuite hostname="DESKTOP-1F7DJ8R" failures="0" tests="1" name="testRunner.runner" time="5.092" errors="0" timestamp="2024-12-25T00:39:55 IST" skipped="0">
  <testcase classname="testRunner.runner" name="runScenario" time="5.092"/>
</testsuite> <!-- testRunner.runner -->
